mode: set
github.com/jailtonjunior94/challenge/internal/domain/entities/films.go:24.76,34.16 3 1
github.com/jailtonjunior94/challenge/internal/domain/entities/films.go:38.2,38.18 1 1
github.com/jailtonjunior94/challenge/internal/domain/entities/films.go:34.16,36.3 1 1
github.com/jailtonjunior94/challenge/internal/domain/entities/films.go:41.33,42.19 1 1
github.com/jailtonjunior94/challenge/internal/domain/entities/films.go:46.2,46.22 1 1
github.com/jailtonjunior94/challenge/internal/domain/entities/films.go:50.2,50.25 1 1
github.com/jailtonjunior94/challenge/internal/domain/entities/films.go:53.2,53.12 1 1
github.com/jailtonjunior94/challenge/internal/domain/entities/films.go:42.19,44.3 1 1
github.com/jailtonjunior94/challenge/internal/domain/entities/films.go:46.22,48.3 1 1
github.com/jailtonjunior94/challenge/internal/domain/entities/films.go:50.25,52.3 1 1
github.com/jailtonjunior94/challenge/internal/domain/entities/planet.go:24.64,33.16 3 1
github.com/jailtonjunior94/challenge/internal/domain/entities/planet.go:37.2,37.20 1 1
github.com/jailtonjunior94/challenge/internal/domain/entities/planet.go:33.16,35.3 1 1
github.com/jailtonjunior94/challenge/internal/domain/entities/planet.go:40.35,41.18 1 1
github.com/jailtonjunior94/challenge/internal/domain/entities/planet.go:45.2,45.21 1 1
github.com/jailtonjunior94/challenge/internal/domain/entities/planet.go:49.2,49.21 1 1
github.com/jailtonjunior94/challenge/internal/domain/entities/planet.go:52.2,52.12 1 1
github.com/jailtonjunior94/challenge/internal/domain/entities/planet.go:41.18,43.3 1 1
github.com/jailtonjunior94/challenge/internal/domain/entities/planet.go:45.21,47.3 1 1
github.com/jailtonjunior94/challenge/internal/domain/entities/planet.go:49.21,51.3 1 1
github.com/jailtonjunior94/challenge/internal/domain/entities/planet.go:55.44,56.17 1 1
github.com/jailtonjunior94/challenge/internal/domain/entities/planet.go:60.2,61.12 2 1
github.com/jailtonjunior94/challenge/internal/domain/entities/planet.go:56.17,58.3 1 1
github.com/jailtonjunior94/challenge/internal/domain/entities/planet.go:64.47,67.2 2 0
github.com/jailtonjunior94/challenge/internal/infra/repositories/planet_repository.go:13.56,15.2 1 1
github.com/jailtonjunior94/challenge/internal/infra/repositories/planet_repository.go:17.97,19.2 1 0
github.com/jailtonjunior94/challenge/internal/infra/repositories/planet_repository.go:21.64,25.16 3 1
github.com/jailtonjunior94/challenge/internal/infra/repositories/planet_repository.go:28.2,36.16 3 1
github.com/jailtonjunior94/challenge/internal/infra/repositories/planet_repository.go:40.2,41.15 2 1
github.com/jailtonjunior94/challenge/internal/infra/repositories/planet_repository.go:45.2,45.12 1 1
github.com/jailtonjunior94/challenge/internal/infra/repositories/planet_repository.go:25.16,27.3 1 0
github.com/jailtonjunior94/challenge/internal/infra/repositories/planet_repository.go:36.16,38.3 1 0
github.com/jailtonjunior94/challenge/internal/infra/repositories/planet_repository.go:41.15,43.3 1 0
github.com/jailtonjunior94/challenge/internal/infra/repositories/planet_repository.go:48.60,52.16 3 1
github.com/jailtonjunior94/challenge/internal/infra/repositories/planet_repository.go:55.2,64.16 3 1
github.com/jailtonjunior94/challenge/internal/infra/repositories/planet_repository.go:68.2,69.15 2 1
github.com/jailtonjunior94/challenge/internal/infra/repositories/planet_repository.go:73.2,73.12 1 1
github.com/jailtonjunior94/challenge/internal/infra/repositories/planet_repository.go:52.16,54.3 1 0
github.com/jailtonjunior94/challenge/internal/infra/repositories/planet_repository.go:64.16,66.3 1 0
github.com/jailtonjunior94/challenge/internal/infra/repositories/planet_repository.go:69.15,71.3 1 0
github.com/jailtonjunior94/challenge/internal/infra/repositories/planet_repository.go:76.52,78.16 2 1
github.com/jailtonjunior94/challenge/internal/infra/repositories/planet_repository.go:82.2,84.16 3 1
github.com/jailtonjunior94/challenge/internal/infra/repositories/planet_repository.go:87.2,90.16 3 1
github.com/jailtonjunior94/challenge/internal/infra/repositories/planet_repository.go:94.2,95.15 2 1
github.com/jailtonjunior94/challenge/internal/infra/repositories/planet_repository.go:99.2,99.12 1 1
github.com/jailtonjunior94/challenge/internal/infra/repositories/planet_repository.go:78.16,80.3 1 0
github.com/jailtonjunior94/challenge/internal/infra/repositories/planet_repository.go:84.16,86.3 1 0
github.com/jailtonjunior94/challenge/internal/infra/repositories/planet_repository.go:90.16,92.3 1 0
github.com/jailtonjunior94/challenge/internal/infra/repositories/planet_repository.go:95.15,97.3 1 0
github.com/jailtonjunior94/challenge/internal/infra/repositories/planet_repository.go:102.74,120.16 3 1
github.com/jailtonjunior94/challenge/internal/infra/repositories/planet_repository.go:124.2,128.18 4 1
github.com/jailtonjunior94/challenge/internal/infra/repositories/planet_repository.go:141.2,141.16 1 1
github.com/jailtonjunior94/challenge/internal/infra/repositories/planet_repository.go:145.2,146.16 2 1
github.com/jailtonjunior94/challenge/internal/infra/repositories/planet_repository.go:120.16,122.3 1 0
github.com/jailtonjunior94/challenge/internal/infra/repositories/planet_repository.go:128.18,129.134 1 1
github.com/jailtonjunior94/challenge/internal/infra/repositories/planet_repository.go:133.3,134.35 2 1
github.com/jailtonjunior94/challenge/internal/infra/repositories/planet_repository.go:129.134,131.4 1 0
github.com/jailtonjunior94/challenge/internal/infra/repositories/planet_repository.go:134.35,136.4 1 1
github.com/jailtonjunior94/challenge/internal/infra/repositories/planet_repository.go:136.9,138.4 1 1
github.com/jailtonjunior94/challenge/internal/infra/repositories/planet_repository.go:141.16,143.3 1 0
