mode: set
github.com/jailtonjunior94/challenge/internal/domain/entities/planet.go:24.64,33.16 3 1
github.com/jailtonjunior94/challenge/internal/domain/entities/planet.go:37.2,37.20 1 1
github.com/jailtonjunior94/challenge/internal/domain/entities/planet.go:33.16,35.3 1 1
github.com/jailtonjunior94/challenge/internal/domain/entities/planet.go:40.35,41.18 1 1
github.com/jailtonjunior94/challenge/internal/domain/entities/planet.go:45.2,45.21 1 1
github.com/jailtonjunior94/challenge/internal/domain/entities/planet.go:49.2,49.21 1 1
github.com/jailtonjunior94/challenge/internal/domain/entities/planet.go:52.2,52.12 1 1
github.com/jailtonjunior94/challenge/internal/domain/entities/planet.go:41.18,43.3 1 1
github.com/jailtonjunior94/challenge/internal/domain/entities/planet.go:45.21,47.3 1 1
github.com/jailtonjunior94/challenge/internal/domain/entities/planet.go:49.21,51.3 1 1
github.com/jailtonjunior94/challenge/internal/domain/entities/planet.go:55.44,56.17 1 1
github.com/jailtonjunior94/challenge/internal/domain/entities/planet.go:60.2,61.12 2 1
github.com/jailtonjunior94/challenge/internal/domain/entities/planet.go:56.17,58.3 1 1
github.com/jailtonjunior94/challenge/internal/domain/entities/planet.go:64.47,67.2 2 0
github.com/jailtonjunior94/challenge/internal/domain/entities/films.go:24.76,34.16 3 1
github.com/jailtonjunior94/challenge/internal/domain/entities/films.go:38.2,38.18 1 1
github.com/jailtonjunior94/challenge/internal/domain/entities/films.go:34.16,36.3 1 1
github.com/jailtonjunior94/challenge/internal/domain/entities/films.go:41.33,42.19 1 1
github.com/jailtonjunior94/challenge/internal/domain/entities/films.go:46.2,46.22 1 1
github.com/jailtonjunior94/challenge/internal/domain/entities/films.go:50.2,50.25 1 1
github.com/jailtonjunior94/challenge/internal/domain/entities/films.go:53.2,53.12 1 1
github.com/jailtonjunior94/challenge/internal/domain/entities/films.go:42.19,44.3 1 1
github.com/jailtonjunior94/challenge/internal/domain/entities/films.go:46.22,48.3 1 1
github.com/jailtonjunior94/challenge/internal/domain/entities/films.go:50.25,52.3 1 1
github.com/jailtonjunior94/challenge/internal/infra/repositories/planet_repository.go:14.56,16.2 1 1
github.com/jailtonjunior94/challenge/internal/infra/repositories/planet_repository.go:18.97,28.16 3 0
github.com/jailtonjunior94/challenge/internal/infra/repositories/planet_repository.go:31.2,34.16 3 0
github.com/jailtonjunior94/challenge/internal/infra/repositories/planet_repository.go:37.2,40.18 3 0
github.com/jailtonjunior94/challenge/internal/infra/repositories/planet_repository.go:48.2,48.23 1 0
github.com/jailtonjunior94/challenge/internal/infra/repositories/planet_repository.go:52.2,52.21 1 0
github.com/jailtonjunior94/challenge/internal/infra/repositories/planet_repository.go:28.16,30.3 1 0
github.com/jailtonjunior94/challenge/internal/infra/repositories/planet_repository.go:34.16,36.3 1 0
github.com/jailtonjunior94/challenge/internal/infra/repositories/planet_repository.go:40.18,42.75 2 0
github.com/jailtonjunior94/challenge/internal/infra/repositories/planet_repository.go:45.3,45.31 1 0
github.com/jailtonjunior94/challenge/internal/infra/repositories/planet_repository.go:42.75,44.4 1 0
github.com/jailtonjunior94/challenge/internal/infra/repositories/planet_repository.go:48.23,50.3 1 0
github.com/jailtonjunior94/challenge/internal/infra/repositories/planet_repository.go:55.74,73.16 3 1
github.com/jailtonjunior94/challenge/internal/infra/repositories/planet_repository.go:76.2,82.18 5 1
github.com/jailtonjunior94/challenge/internal/infra/repositories/planet_repository.go:95.2,95.16 1 1
github.com/jailtonjunior94/challenge/internal/infra/repositories/planet_repository.go:99.2,100.16 2 1
github.com/jailtonjunior94/challenge/internal/infra/repositories/planet_repository.go:73.16,75.3 1 0
github.com/jailtonjunior94/challenge/internal/infra/repositories/planet_repository.go:82.18,83.134 1 1
github.com/jailtonjunior94/challenge/internal/infra/repositories/planet_repository.go:87.3,88.35 2 1
github.com/jailtonjunior94/challenge/internal/infra/repositories/planet_repository.go:83.134,85.4 1 0
github.com/jailtonjunior94/challenge/internal/infra/repositories/planet_repository.go:88.35,90.4 1 1
github.com/jailtonjunior94/challenge/internal/infra/repositories/planet_repository.go:90.9,92.4 1 1
github.com/jailtonjunior94/challenge/internal/infra/repositories/planet_repository.go:95.16,97.3 1 0
github.com/jailtonjunior94/challenge/internal/infra/repositories/planet_repository.go:103.64,107.16 3 1
github.com/jailtonjunior94/challenge/internal/infra/repositories/planet_repository.go:110.2,118.16 3 1
github.com/jailtonjunior94/challenge/internal/infra/repositories/planet_repository.go:122.2,123.15 2 1
github.com/jailtonjunior94/challenge/internal/infra/repositories/planet_repository.go:127.2,127.12 1 1
github.com/jailtonjunior94/challenge/internal/infra/repositories/planet_repository.go:107.16,109.3 1 0
github.com/jailtonjunior94/challenge/internal/infra/repositories/planet_repository.go:118.16,120.3 1 0
github.com/jailtonjunior94/challenge/internal/infra/repositories/planet_repository.go:123.15,125.3 1 0
github.com/jailtonjunior94/challenge/internal/infra/repositories/planet_repository.go:130.60,134.16 3 1
github.com/jailtonjunior94/challenge/internal/infra/repositories/planet_repository.go:137.2,146.16 3 1
github.com/jailtonjunior94/challenge/internal/infra/repositories/planet_repository.go:150.2,151.15 2 1
github.com/jailtonjunior94/challenge/internal/infra/repositories/planet_repository.go:155.2,155.12 1 1
github.com/jailtonjunior94/challenge/internal/infra/repositories/planet_repository.go:134.16,136.3 1 0
github.com/jailtonjunior94/challenge/internal/infra/repositories/planet_repository.go:146.16,148.3 1 0
github.com/jailtonjunior94/challenge/internal/infra/repositories/planet_repository.go:151.15,153.3 1 0
github.com/jailtonjunior94/challenge/internal/infra/repositories/planet_repository.go:158.52,160.16 2 1
github.com/jailtonjunior94/challenge/internal/infra/repositories/planet_repository.go:164.2,166.16 3 1
github.com/jailtonjunior94/challenge/internal/infra/repositories/planet_repository.go:169.2,172.16 3 1
github.com/jailtonjunior94/challenge/internal/infra/repositories/planet_repository.go:176.2,177.15 2 1
github.com/jailtonjunior94/challenge/internal/infra/repositories/planet_repository.go:181.2,181.12 1 1
github.com/jailtonjunior94/challenge/internal/infra/repositories/planet_repository.go:160.16,162.3 1 0
github.com/jailtonjunior94/challenge/internal/infra/repositories/planet_repository.go:166.16,168.3 1 0
github.com/jailtonjunior94/challenge/internal/infra/repositories/planet_repository.go:172.16,174.3 1 0
github.com/jailtonjunior94/challenge/internal/infra/repositories/planet_repository.go:177.15,179.3 1 0
